<?xml version="1.0" encoding="UTF-8"?>
<!-- Generated by org.testng.reporters.JUnitReportReporter -->
<testsuite hostname="bruce" failures="0" tests="1" name="com.inetbanking.testcases.TC_ADDCUSTOMER_003" time="19.814" errors="0" timestamp="2023-08-14T08:28:36 IST" skipped="0">
  <testcase classname="com.inetbanking.testcases.TC_ADDCUSTOMER_003" name="addnewcustomer" time="19.814"/>
  <system-out/>
</testsuite> <!-- com.inetbanking.testcases.TC_ADDCUSTOMER_003 -->
